[0.975s] Invoking command in '/home/ronith/ros2_ws/src/line_follower_robot_fixed 4/line_follower_robot_fixed/line_follower_robot': PYTHONPATH=/home/ronith/ros2_ws/src/line_follower_robot_fixed 4/line_follower_robot_fixed/line_follower_robot/build/line_follower_robot/prefix_override:/usr/lib/python3/dist-packages/colcon_core/task/python/colcon_distutils_commands:/home/ronith/ros2_ws/src/line_follower_robot_fixed 4/line_follower_robot_fixed/line_follower_robot/install/line_follower_robot/lib/python3.10/site-packages:${PYTHONPATH} /usr/bin/python3 -W ignore:setup.py install is deprecated -W ignore:easy_install command is deprecated setup.py egg_info --egg-base build/line_follower_robot build --build-base /home/ronith/ros2_ws/src/line_follower_robot_fixed 4/line_follower_robot_fixed/line_follower_robot/build/line_follower_robot/build install --record /home/ronith/ros2_ws/src/line_follower_robot_fixed 4/line_follower_robot_fixed/line_follower_robot/build/line_follower_robot/install.log --single-version-externally-managed install_data
[1.336s] running egg_info
[1.337s] writing build/line_follower_robot/line_follower_robot.egg-info/PKG-INFO
[1.337s] writing dependency_links to build/line_follower_robot/line_follower_robot.egg-info/dependency_links.txt
[1.337s] writing entry points to build/line_follower_robot/line_follower_robot.egg-info/entry_points.txt
[1.338s] writing requirements to build/line_follower_robot/line_follower_robot.egg-info/requires.txt
[1.338s] writing top-level names to build/line_follower_robot/line_follower_robot.egg-info/top_level.txt
[1.340s] reading manifest file 'build/line_follower_robot/line_follower_robot.egg-info/SOURCES.txt'
[1.341s] writing manifest file 'build/line_follower_robot/line_follower_robot.egg-info/SOURCES.txt'
[1.342s] running build
[1.342s] running build_py
[1.342s] running install
[1.342s] running install_lib
[1.344s] running install_data
[1.344s] copying launch/sim.launch.py -> /home/ronith/ros2_ws/src/line_follower_robot_fixed 4/line_follower_robot_fixed/line_follower_robot/install/line_follower_robot/share/line_follower_robot/launch
[1.345s] running install_egg_info
[1.348s] removing '/home/ronith/ros2_ws/src/line_follower_robot_fixed 4/line_follower_robot_fixed/line_follower_robot/install/line_follower_robot/lib/python3.10/site-packages/line_follower_robot-0.1.0-py3.10.egg-info' (and everything under it)
[1.348s] Copying build/line_follower_robot/line_follower_robot.egg-info to /home/ronith/ros2_ws/src/line_follower_robot_fixed 4/line_follower_robot_fixed/line_follower_robot/install/line_follower_robot/lib/python3.10/site-packages/line_follower_robot-0.1.0-py3.10.egg-info
[1.349s] running install_scripts
[1.383s] Installing line_follower_node script to /home/ronith/ros2_ws/src/line_follower_robot_fixed 4/line_follower_robot_fixed/line_follower_robot/install/line_follower_robot/lib/line_follower_robot
[1.385s] writing list of installed files to '/home/ronith/ros2_ws/src/line_follower_robot_fixed 4/line_follower_robot_fixed/line_follower_robot/build/line_follower_robot/install.log'
[1.426s] Invoked command in '/home/ronith/ros2_ws/src/line_follower_robot_fixed 4/line_follower_robot_fixed/line_follower_robot' returned '0': PYTHONPATH=/home/ronith/ros2_ws/src/line_follower_robot_fixed 4/line_follower_robot_fixed/line_follower_robot/build/line_follower_robot/prefix_override:/usr/lib/python3/dist-packages/colcon_core/task/python/colcon_distutils_commands:/home/ronith/ros2_ws/src/line_follower_robot_fixed 4/line_follower_robot_fixed/line_follower_robot/install/line_follower_robot/lib/python3.10/site-packages:${PYTHONPATH} /usr/bin/python3 -W ignore:setup.py install is deprecated -W ignore:easy_install command is deprecated setup.py egg_info --egg-base build/line_follower_robot build --build-base /home/ronith/ros2_ws/src/line_follower_robot_fixed 4/line_follower_robot_fixed/line_follower_robot/build/line_follower_robot/build install --record /home/ronith/ros2_ws/src/line_follower_robot_fixed 4/line_follower_robot_fixed/line_follower_robot/build/line_follower_robot/install.log --single-version-externally-managed install_data
