[0.852s] Invoking command in '/home/ronith/ros2_ws/src/line_follower_robot_fixed 4/line_follower_robot_fixed/line_follower_robot': PYTHONPATH=/home/ronith/ros2_ws/src/line_follower_robot_fixed 4/line_follower_robot_fixed/line_follower_robot/build/line_follower_robot/prefix_override:/usr/lib/python3/dist-packages/colcon_core/task/python/colcon_distutils_commands:/home/ronith/ros2_ws/src/line_follower_robot_fixed 4/line_follower_robot_fixed/line_follower_robot/install/line_follower_robot/lib/python3.10/site-packages:${PYTHONPATH} /usr/bin/python3 -W ignore:setup.py install is deprecated -W ignore:easy_install command is deprecated setup.py egg_info --egg-base build/line_follower_robot build --build-base /home/ronith/ros2_ws/src/line_follower_robot_fixed 4/line_follower_robot_fixed/line_follower_robot/build/line_follower_robot/build install --record /home/ronith/ros2_ws/src/line_follower_robot_fixed 4/line_follower_robot_fixed/line_follower_robot/build/line_follower_robot/install.log --single-version-externally-managed install_data
[1.174s] running egg_info
[1.175s] writing build/line_follower_robot/line_follower_robot.egg-info/PKG-INFO
[1.175s] writing dependency_links to build/line_follower_robot/line_follower_robot.egg-info/dependency_links.txt
[1.176s] writing entry points to build/line_follower_robot/line_follower_robot.egg-info/entry_points.txt
[1.176s] writing requirements to build/line_follower_robot/line_follower_robot.egg-info/requires.txt
[1.176s] writing top-level names to build/line_follower_robot/line_follower_robot.egg-info/top_level.txt
[1.178s] reading manifest file 'build/line_follower_robot/line_follower_robot.egg-info/SOURCES.txt'
[1.180s] writing manifest file 'build/line_follower_robot/line_follower_robot.egg-info/SOURCES.txt'
[1.180s] running build
[1.180s] running build_py
[1.180s] copying line_follower_robot/line_follower_node.py -> /home/ronith/ros2_ws/src/line_follower_robot_fixed 4/line_follower_robot_fixed/line_follower_robot/build/line_follower_robot/build/lib/line_follower_robot
[1.181s] running install
[1.181s] running install_lib
[1.183s] copying /home/ronith/ros2_ws/src/line_follower_robot_fixed 4/line_follower_robot_fixed/line_follower_robot/build/line_follower_robot/build/lib/line_follower_robot/line_follower_node.py -> /home/ronith/ros2_ws/src/line_follower_robot_fixed 4/line_follower_robot_fixed/line_follower_robot/install/line_follower_robot/lib/python3.10/site-packages/line_follower_robot
[1.184s] byte-compiling /home/ronith/ros2_ws/src/line_follower_robot_fixed 4/line_follower_robot_fixed/line_follower_robot/install/line_follower_robot/lib/python3.10/site-packages/line_follower_robot/line_follower_node.py to line_follower_node.cpython-310.pyc
[1.186s] running install_data
[1.187s] running install_egg_info
[1.190s] removing '/home/ronith/ros2_ws/src/line_follower_robot_fixed 4/line_follower_robot_fixed/line_follower_robot/install/line_follower_robot/lib/python3.10/site-packages/line_follower_robot-0.1.0-py3.10.egg-info' (and everything under it)
[1.190s] Copying build/line_follower_robot/line_follower_robot.egg-info to /home/ronith/ros2_ws/src/line_follower_robot_fixed 4/line_follower_robot_fixed/line_follower_robot/install/line_follower_robot/lib/python3.10/site-packages/line_follower_robot-0.1.0-py3.10.egg-info
[1.191s] running install_scripts
[1.220s] Installing line_follower_node script to /home/ronith/ros2_ws/src/line_follower_robot_fixed 4/line_follower_robot_fixed/line_follower_robot/install/line_follower_robot/lib/line_follower_robot
[1.220s] writing list of installed files to '/home/ronith/ros2_ws/src/line_follower_robot_fixed 4/line_follower_robot_fixed/line_follower_robot/build/line_follower_robot/install.log'
[1.260s] Invoked command in '/home/ronith/ros2_ws/src/line_follower_robot_fixed 4/line_follower_robot_fixed/line_follower_robot' returned '0': PYTHONPATH=/home/ronith/ros2_ws/src/line_follower_robot_fixed 4/line_follower_robot_fixed/line_follower_robot/build/line_follower_robot/prefix_override:/usr/lib/python3/dist-packages/colcon_core/task/python/colcon_distutils_commands:/home/ronith/ros2_ws/src/line_follower_robot_fixed 4/line_follower_robot_fixed/line_follower_robot/install/line_follower_robot/lib/python3.10/site-packages:${PYTHONPATH} /usr/bin/python3 -W ignore:setup.py install is deprecated -W ignore:easy_install command is deprecated setup.py egg_info --egg-base build/line_follower_robot build --build-base /home/ronith/ros2_ws/src/line_follower_robot_fixed 4/line_follower_robot_fixed/line_follower_robot/build/line_follower_robot/build install --record /home/ronith/ros2_ws/src/line_follower_robot_fixed 4/line_follower_robot_fixed/line_follower_robot/build/line_follower_robot/install.log --single-version-externally-managed install_data
