[0.098s] DEBUG:colcon:Command line arguments: ['/usr/bin/colcon', 'build', '--packages-select', 'line_follower_robot']
[0.098s] DEBUG:colcon:Parsed command line arguments: Namespace(log_base=None, log_level=None, verb_name='build', build_base='build', install_base='install', merge_install=False, symlink_install=False, test_result_base=None, continue_on_error=False, executor='parallel', parallel_workers=12, event_handlers=None, ignore_user_meta=False, metas=['./colcon.meta'], base_paths=['.'], packages_ignore=None, packages_ignore_regex=None, paths=None, packages_up_to=None, packages_up_to_regex=None, packages_above=None, packages_above_and_dependencies=None, packages_above_depth=None, packages_select_by_dep=None, packages_skip_by_dep=None, packages_skip_up_to=None, packages_select_build_failed=False, packages_skip_build_finished=False, packages_select_test_failures=False, packages_skip_test_passed=False, packages_select=['line_follower_robot'], packages_skip=None, packages_select_regex=None, packages_skip_regex=None, packages_start=None, packages_end=None, allow_overriding=[], cmake_args=None, cmake_target=None, cmake_target_skip_unavailable=False, cmake_clean_cache=False, cmake_clean_first=False, cmake_force_configure=False, ament_cmake_args=None, catkin_cmake_args=None, catkin_skip_building_tests=False, mixin_files=None, mixin=None, verb_parser=<colcon_mixin.mixin.mixin_argument.MixinArgumentDecorator object at 0x7b192b8981c0>, verb_extension=<colcon_core.verb.build.BuildVerb object at 0x7b192b85fcd0>, main=<bound method BuildVerb.main of <colcon_core.verb.build.BuildVerb object at 0x7b192b85fcd0>>, mixin_verb=('build',))
[0.245s] Level 1:colcon.colcon_core.package_discovery:discover_packages(colcon_meta) check parameters
[0.246s] Level 1:colcon.colcon_core.package_discovery:discover_packages(recursive) check parameters
[0.246s] Level 1:colcon.colcon_core.package_discovery:discover_packages(ignore) check parameters
[0.246s] Level 1:colcon.colcon_core.package_discovery:discover_packages(path) check parameters
[0.246s] Level 1:colcon.colcon_core.package_discovery:discover_packages(colcon_meta) discover
[0.246s] Level 1:colcon.colcon_core.package_discovery:discover_packages(recursive) discover
[0.246s] INFO:colcon.colcon_core.package_discovery:Crawling recursively for packages in '/home/ronith/ros2_ws/src/line_follower_robot_fixed 4/line_follower_robot_fixed/line_follower_robot'
[0.246s] Level 1:colcon.colcon_core.package_identification:_identify(.) by extensions ['ignore', 'ignore_ament_install']
[0.246s] Level 1:colcon.colcon_core.package_identification:_identify(.) by extension 'ignore'
[0.246s] Level 1:colcon.colcon_core.package_identification:_identify(.) by extension 'ignore_ament_install'
[0.246s] Level 1:colcon.colcon_core.package_identification:_identify(.) by extensions ['colcon_pkg']
[0.246s] Level 1:colcon.colcon_core.package_identification:_identify(.) by extension 'colcon_pkg'
[0.246s] Level 1:colcon.colcon_core.package_identification:_identify(.) by extensions ['colcon_meta']
[0.246s] Level 1:colcon.colcon_core.package_identification:_identify(.) by extension 'colcon_meta'
[0.246s] Level 1:colcon.colcon_core.package_identification:_identify(.) by extensions ['ros']
[0.246s] Level 1:colcon.colcon_core.package_identification:_identify(.) by extension 'ros'
[0.259s] DEBUG:colcon.colcon_core.package_identification:Package '.' with type 'ros.ament_python' and name 'line_follower_robot'
[0.259s] Level 1:colcon.colcon_core.package_discovery:discover_packages(recursive) using defaults
[0.259s] Level 1:colcon.colcon_core.package_discovery:discover_packages(ignore) discover
[0.259s] Level 1:colcon.colcon_core.package_discovery:discover_packages(ignore) using defaults
[0.259s] Level 1:colcon.colcon_core.package_discovery:discover_packages(path) discover
[0.259s] Level 1:colcon.colcon_core.package_discovery:discover_packages(path) using defaults
[0.295s] Level 1:colcon.colcon_core.package_discovery:discover_packages(prefix_path) check parameters
[0.295s] Level 1:colcon.colcon_core.package_discovery:discover_packages(prefix_path) discover
[0.297s] DEBUG:colcon.colcon_installed_package_information.package_discovery:Found 1 installed packages in /home/ronith/ros2_ws/src/line_follower_robot_fixed 4/line_follower_robot_fixed/line_follower_robot/install
[0.298s] DEBUG:colcon.colcon_installed_package_information.package_discovery:Found 16 installed packages in /home/ronith/turtlebot3_ws/install
[0.299s] DEBUG:colcon.colcon_installed_package_information.package_discovery:Found 392 installed packages in /opt/ros/humble
[0.301s] Level 1:colcon.colcon_core.package_discovery:discover_packages(prefix_path) using defaults
[0.346s] Level 5:colcon.colcon_core.verb:set package 'line_follower_robot' build argument 'cmake_args' from command line to 'None'
[0.346s] Level 5:colcon.colcon_core.verb:set package 'line_follower_robot' build argument 'cmake_target' from command line to 'None'
[0.346s] Level 5:colcon.colcon_core.verb:set package 'line_follower_robot' build argument 'cmake_target_skip_unavailable' from command line to 'False'
[0.346s] Level 5:colcon.colcon_core.verb:set package 'line_follower_robot' build argument 'cmake_clean_cache' from command line to 'False'
[0.346s] Level 5:colcon.colcon_core.verb:set package 'line_follower_robot' build argument 'cmake_clean_first' from command line to 'False'
[0.346s] Level 5:colcon.colcon_core.verb:set package 'line_follower_robot' build argument 'cmake_force_configure' from command line to 'False'
[0.346s] Level 5:colcon.colcon_core.verb:set package 'line_follower_robot' build argument 'ament_cmake_args' from command line to 'None'
[0.346s] Level 5:colcon.colcon_core.verb:set package 'line_follower_robot' build argument 'catkin_cmake_args' from command line to 'None'
[0.346s] Level 5:colcon.colcon_core.verb:set package 'line_follower_robot' build argument 'catkin_skip_building_tests' from command line to 'False'
[0.346s] DEBUG:colcon.colcon_core.verb:Building package 'line_follower_robot' with the following arguments: {'ament_cmake_args': None, 'build_base': '/home/ronith/ros2_ws/src/line_follower_robot_fixed 4/line_follower_robot_fixed/line_follower_robot/build/line_follower_robot', 'catkin_cmake_args': None, 'catkin_skip_building_tests': False, 'cmake_args': None, 'cmake_clean_cache': False, 'cmake_clean_first': False, 'cmake_force_configure': False, 'cmake_target': None, 'cmake_target_skip_unavailable': False, 'install_base': '/home/ronith/ros2_ws/src/line_follower_robot_fixed 4/line_follower_robot_fixed/line_follower_robot/install/line_follower_robot', 'merge_install': False, 'path': '/home/ronith/ros2_ws/src/line_follower_robot_fixed 4/line_follower_robot_fixed/line_follower_robot', 'symlink_install': False, 'test_result_base': None}
[0.346s] INFO:colcon.colcon_core.executor:Executing jobs using 'parallel' executor
[0.348s] DEBUG:colcon.colcon_parallel_executor.executor.parallel:run_until_complete
[0.348s] INFO:colcon.colcon_ros.task.ament_python.build:Building ROS package in '/home/ronith/ros2_ws/src/line_follower_robot_fixed 4/line_follower_robot_fixed/line_follower_robot' with build type 'ament_python'
[0.348s] Level 1:colcon.colcon_core.shell:create_environment_hook('line_follower_robot', 'ament_prefix_path')
[0.350s] INFO:colcon.colcon_core.plugin_system:Skipping extension 'colcon_core.shell.bat': Not used on non-Windows systems
[0.350s] INFO:colcon.colcon_core.shell:Creating environment hook '/home/ronith/ros2_ws/src/line_follower_robot_fixed 4/line_follower_robot_fixed/line_follower_robot/install/line_follower_robot/share/line_follower_robot/hook/ament_prefix_path.ps1'
[0.351s] INFO:colcon.colcon_core.shell:Creating environment descriptor '/home/ronith/ros2_ws/src/line_follower_robot_fixed 4/line_follower_robot_fixed/line_follower_robot/install/line_follower_robot/share/line_follower_robot/hook/ament_prefix_path.dsv'
[0.352s] INFO:colcon.colcon_core.shell:Creating environment hook '/home/ronith/ros2_ws/src/line_follower_robot_fixed 4/line_follower_robot_fixed/line_follower_robot/install/line_follower_robot/share/line_follower_robot/hook/ament_prefix_path.sh'
[0.352s] INFO:colcon.colcon_core.shell:Skip shell extension 'powershell' for command environment: Not usable outside of PowerShell
[0.352s] DEBUG:colcon.colcon_core.shell:Skip shell extension 'dsv' for command environment
[0.657s] INFO:colcon.colcon_core.task.python.build:Building Python package in '/home/ronith/ros2_ws/src/line_follower_robot_fixed 4/line_follower_robot_fixed/line_follower_robot'
[0.657s] INFO:colcon.colcon_core.shell:Skip shell extension 'powershell' for command environment: Not usable outside of PowerShell
[0.657s] DEBUG:colcon.colcon_core.shell:Skip shell extension 'dsv' for command environment
[1.164s] DEBUG:colcon.colcon_core.event_handler.log_command:Invoking command in '/home/ronith/ros2_ws/src/line_follower_robot_fixed 4/line_follower_robot_fixed/line_follower_robot': PYTHONPATH=/home/ronith/ros2_ws/src/line_follower_robot_fixed 4/line_follower_robot_fixed/line_follower_robot/build/line_follower_robot/prefix_override:/usr/lib/python3/dist-packages/colcon_core/task/python/colcon_distutils_commands:/home/ronith/ros2_ws/src/line_follower_robot_fixed 4/line_follower_robot_fixed/line_follower_robot/install/line_follower_robot/lib/python3.10/site-packages:${PYTHONPATH} /usr/bin/python3 -W ignore:setup.py install is deprecated -W ignore:easy_install command is deprecated setup.py egg_info --egg-base build/line_follower_robot build --build-base /home/ronith/ros2_ws/src/line_follower_robot_fixed 4/line_follower_robot_fixed/line_follower_robot/build/line_follower_robot/build install --record /home/ronith/ros2_ws/src/line_follower_robot_fixed 4/line_follower_robot_fixed/line_follower_robot/build/line_follower_robot/install.log --single-version-externally-managed install_data
[1.578s] DEBUG:colcon.colcon_core.event_handler.log_command:Invoked command in '/home/ronith/ros2_ws/src/line_follower_robot_fixed 4/line_follower_robot_fixed/line_follower_robot' returned '0': PYTHONPATH=/home/ronith/ros2_ws/src/line_follower_robot_fixed 4/line_follower_robot_fixed/line_follower_robot/build/line_follower_robot/prefix_override:/usr/lib/python3/dist-packages/colcon_core/task/python/colcon_distutils_commands:/home/ronith/ros2_ws/src/line_follower_robot_fixed 4/line_follower_robot_fixed/line_follower_robot/install/line_follower_robot/lib/python3.10/site-packages:${PYTHONPATH} /usr/bin/python3 -W ignore:setup.py install is deprecated -W ignore:easy_install command is deprecated setup.py egg_info --egg-base build/line_follower_robot build --build-base /home/ronith/ros2_ws/src/line_follower_robot_fixed 4/line_follower_robot_fixed/line_follower_robot/build/line_follower_robot/build install --record /home/ronith/ros2_ws/src/line_follower_robot_fixed 4/line_follower_robot_fixed/line_follower_robot/build/line_follower_robot/install.log --single-version-externally-managed install_data
[1.582s] Level 1:colcon.colcon_core.environment:checking '/home/ronith/ros2_ws/src/line_follower_robot_fixed 4/line_follower_robot_fixed/line_follower_robot/install/line_follower_robot' for CMake module files
[1.583s] Level 1:colcon.colcon_core.environment:checking '/home/ronith/ros2_ws/src/line_follower_robot_fixed 4/line_follower_robot_fixed/line_follower_robot/install/line_follower_robot' for CMake config files
[1.585s] Level 1:colcon.colcon_core.environment:checking '/home/ronith/ros2_ws/src/line_follower_robot_fixed 4/line_follower_robot_fixed/line_follower_robot/install/line_follower_robot/lib'
[1.585s] Level 1:colcon.colcon_core.environment:checking '/home/ronith/ros2_ws/src/line_follower_robot_fixed 4/line_follower_robot_fixed/line_follower_robot/install/line_follower_robot/bin'
[1.586s] Level 1:colcon.colcon_core.environment:checking '/home/ronith/ros2_ws/src/line_follower_robot_fixed 4/line_follower_robot_fixed/line_follower_robot/install/line_follower_robot/lib/pkgconfig/line_follower_robot.pc'
[1.586s] Level 1:colcon.colcon_core.environment:checking '/home/ronith/ros2_ws/src/line_follower_robot_fixed 4/line_follower_robot_fixed/line_follower_robot/install/line_follower_robot/lib/python3.10/site-packages'
[1.586s] Level 1:colcon.colcon_core.shell:create_environment_hook('line_follower_robot', 'pythonpath')
[1.587s] INFO:colcon.colcon_core.shell:Creating environment hook '/home/ronith/ros2_ws/src/line_follower_robot_fixed 4/line_follower_robot_fixed/line_follower_robot/install/line_follower_robot/share/line_follower_robot/hook/pythonpath.ps1'
[1.588s] INFO:colcon.colcon_core.shell:Creating environment descriptor '/home/ronith/ros2_ws/src/line_follower_robot_fixed 4/line_follower_robot_fixed/line_follower_robot/install/line_follower_robot/share/line_follower_robot/hook/pythonpath.dsv'
[1.589s] INFO:colcon.colcon_core.shell:Creating environment hook '/home/ronith/ros2_ws/src/line_follower_robot_fixed 4/line_follower_robot_fixed/line_follower_robot/install/line_follower_robot/share/line_follower_robot/hook/pythonpath.sh'
[1.590s] Level 1:colcon.colcon_core.environment:checking '/home/ronith/ros2_ws/src/line_follower_robot_fixed 4/line_follower_robot_fixed/line_follower_robot/install/line_follower_robot/bin'
[1.590s] Level 1:colcon.colcon_core.environment:create_environment_scripts_only(line_follower_robot)
[1.591s] INFO:colcon.colcon_core.shell:Creating package script '/home/ronith/ros2_ws/src/line_follower_robot_fixed 4/line_follower_robot_fixed/line_follower_robot/install/line_follower_robot/share/line_follower_robot/package.ps1'
[1.593s] INFO:colcon.colcon_core.shell:Creating package descriptor '/home/ronith/ros2_ws/src/line_follower_robot_fixed 4/line_follower_robot_fixed/line_follower_robot/install/line_follower_robot/share/line_follower_robot/package.dsv'
[1.594s] INFO:colcon.colcon_core.shell:Creating package script '/home/ronith/ros2_ws/src/line_follower_robot_fixed 4/line_follower_robot_fixed/line_follower_robot/install/line_follower_robot/share/line_follower_robot/package.sh'
[1.595s] INFO:colcon.colcon_core.shell:Creating package script '/home/ronith/ros2_ws/src/line_follower_robot_fixed 4/line_follower_robot_fixed/line_follower_robot/install/line_follower_robot/share/line_follower_robot/package.bash'
[1.596s] INFO:colcon.colcon_core.shell:Creating package script '/home/ronith/ros2_ws/src/line_follower_robot_fixed 4/line_follower_robot_fixed/line_follower_robot/install/line_follower_robot/share/line_follower_robot/package.zsh'
[1.597s] Level 1:colcon.colcon_core.environment:create_file_with_runtime_dependencies(/home/ronith/ros2_ws/src/line_follower_robot_fixed 4/line_follower_robot_fixed/line_follower_robot/install/line_follower_robot/share/colcon-core/packages/line_follower_robot)
[1.598s] DEBUG:colcon.colcon_parallel_executor.executor.parallel:closing loop
[1.599s] DEBUG:colcon.colcon_parallel_executor.executor.parallel:loop closed
[1.599s] DEBUG:colcon.colcon_parallel_executor.executor.parallel:run_until_complete finished with '0'
[1.599s] DEBUG:colcon.colcon_core.event_reactor:joining thread
[1.607s] INFO:colcon.colcon_core.plugin_system:Skipping extension 'colcon_notification.desktop_notification.terminal_notifier': Not used on non-Darwin systems
[1.607s] INFO:colcon.colcon_core.plugin_system:Skipping extension 'colcon_notification.desktop_notification.win32': Not used on non-Windows systems
[1.608s] INFO:colcon.colcon_notification.desktop_notification:Sending desktop notification using 'notify2'
[1.632s] DEBUG:colcon.colcon_core.event_reactor:joined thread
[1.633s] INFO:colcon.colcon_core.shell:Creating prefix script '/home/ronith/ros2_ws/src/line_follower_robot_fixed 4/line_follower_robot_fixed/line_follower_robot/install/local_setup.ps1'
[1.635s] INFO:colcon.colcon_core.shell:Creating prefix util module '/home/ronith/ros2_ws/src/line_follower_robot_fixed 4/line_follower_robot_fixed/line_follower_robot/install/_local_setup_util_ps1.py'
[1.637s] INFO:colcon.colcon_core.shell:Creating prefix chain script '/home/ronith/ros2_ws/src/line_follower_robot_fixed 4/line_follower_robot_fixed/line_follower_robot/install/setup.ps1'
[1.640s] INFO:colcon.colcon_core.shell:Creating prefix script '/home/ronith/ros2_ws/src/line_follower_robot_fixed 4/line_follower_robot_fixed/line_follower_robot/install/local_setup.sh'
[1.641s] INFO:colcon.colcon_core.shell:Creating prefix util module '/home/ronith/ros2_ws/src/line_follower_robot_fixed 4/line_follower_robot_fixed/line_follower_robot/install/_local_setup_util_sh.py'
[1.643s] INFO:colcon.colcon_core.shell:Creating prefix chain script '/home/ronith/ros2_ws/src/line_follower_robot_fixed 4/line_follower_robot_fixed/line_follower_robot/install/setup.sh'
[1.646s] INFO:colcon.colcon_core.shell:Creating prefix script '/home/ronith/ros2_ws/src/line_follower_robot_fixed 4/line_follower_robot_fixed/line_follower_robot/install/local_setup.bash'
[1.647s] INFO:colcon.colcon_core.shell:Creating prefix chain script '/home/ronith/ros2_ws/src/line_follower_robot_fixed 4/line_follower_robot_fixed/line_follower_robot/install/setup.bash'
[1.651s] INFO:colcon.colcon_core.shell:Creating prefix script '/home/ronith/ros2_ws/src/line_follower_robot_fixed 4/line_follower_robot_fixed/line_follower_robot/install/local_setup.zsh'
[1.652s] INFO:colcon.colcon_core.shell:Creating prefix chain script '/home/ronith/ros2_ws/src/line_follower_robot_fixed 4/line_follower_robot_fixed/line_follower_robot/install/setup.zsh'
