running egg_info
writing build/line_follower_robot/line_follower_robot.egg-info/PKG-INFO
writing dependency_links to build/line_follower_robot/line_follower_robot.egg-info/dependency_links.txt
writing entry points to build/line_follower_robot/line_follower_robot.egg-info/entry_points.txt
writing requirements to build/line_follower_robot/line_follower_robot.egg-info/requires.txt
writing top-level names to build/line_follower_robot/line_follower_robot.egg-info/top_level.txt
reading manifest file 'build/line_follower_robot/line_follower_robot.egg-info/SOURCES.txt'
writing manifest file 'build/line_follower_robot/line_follower_robot.egg-info/SOURCES.txt'
running build
running build_py
running install
running install_lib
running install_data
copying launch/sim.launch.py -> /home/ronith/ros2_ws/src/line_follower_robot_fixed 4/line_follower_robot_fixed/line_follower_robot/install/line_follower_robot/share/line_follower_robot/launch
running install_egg_info
removing '/home/ronith/ros2_ws/src/line_follower_robot_fixed 4/line_follower_robot_fixed/line_follower_robot/install/line_follower_robot/lib/python3.10/site-packages/line_follower_robot-0.1.0-py3.10.egg-info' (and everything under it)
Copying build/line_follower_robot/line_follower_robot.egg-info to /home/ronith/ros2_ws/src/line_follower_robot_fixed 4/line_follower_robot_fixed/line_follower_robot/install/line_follower_robot/lib/python3.10/site-packages/line_follower_robot-0.1.0-py3.10.egg-info
running install_scripts
Installing line_follower_node script to /home/ronith/ros2_ws/src/line_follower_robot_fixed 4/line_follower_robot_fixed/line_follower_robot/install/line_follower_robot/lib/line_follower_robot
writing list of installed files to '/home/ronith/ros2_ws/src/line_follower_robot_fixed 4/line_follower_robot_fixed/line_follower_robot/build/line_follower_robot/install.log'
