running egg_info
creating build/line_follower_robot/line_follower_robot.egg-info
writing build/line_follower_robot/line_follower_robot.egg-info/PKG-INFO
writing dependency_links to build/line_follower_robot/line_follower_robot.egg-info/dependency_links.txt
writing entry points to build/line_follower_robot/line_follower_robot.egg-info/entry_points.txt
writing requirements to build/line_follower_robot/line_follower_robot.egg-info/requires.txt
writing top-level names to build/line_follower_robot/line_follower_robot.egg-info/top_level.txt
writing manifest file 'build/line_follower_robot/line_follower_robot.egg-info/SOURCES.txt'
reading manifest file 'build/line_follower_robot/line_follower_robot.egg-info/SOURCES.txt'
writing manifest file 'build/line_follower_robot/line_follower_robot.egg-info/SOURCES.txt'
running build
running build_py
creating /home/ronith/ros2_ws/src/line_follower_robot_fixed 4/line_follower_robot_fixed/line_follower_robot/build/line_follower_robot/build
creating /home/ronith/ros2_ws/src/line_follower_robot_fixed 4/line_follower_robot_fixed/line_follower_robot/build/line_follower_robot/build/lib
creating /home/ronith/ros2_ws/src/line_follower_robot_fixed 4/line_follower_robot_fixed/line_follower_robot/build/line_follower_robot/build/lib/line_follower_robot
copying line_follower_robot/line_follower_node.py -> /home/ronith/ros2_ws/src/line_follower_robot_fixed 4/line_follower_robot_fixed/line_follower_robot/build/line_follower_robot/build/lib/line_follower_robot
copying line_follower_robot/__init__.py -> /home/ronith/ros2_ws/src/line_follower_robot_fixed 4/line_follower_robot_fixed/line_follower_robot/build/line_follower_robot/build/lib/line_follower_robot
running install
running install_lib
creating /home/ronith/ros2_ws/src/line_follower_robot_fixed 4/line_follower_robot_fixed/line_follower_robot/install/line_follower_robot/lib/python3.10/site-packages/line_follower_robot
copying /home/ronith/ros2_ws/src/line_follower_robot_fixed 4/line_follower_robot_fixed/line_follower_robot/build/line_follower_robot/build/lib/line_follower_robot/line_follower_node.py -> /home/ronith/ros2_ws/src/line_follower_robot_fixed 4/line_follower_robot_fixed/line_follower_robot/install/line_follower_robot/lib/python3.10/site-packages/line_follower_robot
copying /home/ronith/ros2_ws/src/line_follower_robot_fixed 4/line_follower_robot_fixed/line_follower_robot/build/line_follower_robot/build/lib/line_follower_robot/__init__.py -> /home/ronith/ros2_ws/src/line_follower_robot_fixed 4/line_follower_robot_fixed/line_follower_robot/install/line_follower_robot/lib/python3.10/site-packages/line_follower_robot
byte-compiling /home/ronith/ros2_ws/src/line_follower_robot_fixed 4/line_follower_robot_fixed/line_follower_robot/install/line_follower_robot/lib/python3.10/site-packages/line_follower_robot/line_follower_node.py to line_follower_node.cpython-310.pyc
byte-compiling /home/ronith/ros2_ws/src/line_follower_robot_fixed 4/line_follower_robot_fixed/line_follower_robot/install/line_follower_robot/lib/python3.10/site-packages/line_follower_robot/__init__.py to __init__.cpython-310.pyc
running install_data
creating /home/ronith/ros2_ws/src/line_follower_robot_fixed 4/line_follower_robot_fixed/line_follower_robot/install/line_follower_robot/share/ament_index
creating /home/ronith/ros2_ws/src/line_follower_robot_fixed 4/line_follower_robot_fixed/line_follower_robot/install/line_follower_robot/share/ament_index/resource_index
creating /home/ronith/ros2_ws/src/line_follower_robot_fixed 4/line_follower_robot_fixed/line_follower_robot/install/line_follower_robot/share/ament_index/resource_index/packages
copying resource/line_follower_robot -> /home/ronith/ros2_ws/src/line_follower_robot_fixed 4/line_follower_robot_fixed/line_follower_robot/install/line_follower_robot/share/ament_index/resource_index/packages
copying package.xml -> /home/ronith/ros2_ws/src/line_follower_robot_fixed 4/line_follower_robot_fixed/line_follower_robot/install/line_follower_robot/share/line_follower_robot
creating /home/ronith/ros2_ws/src/line_follower_robot_fixed 4/line_follower_robot_fixed/line_follower_robot/install/line_follower_robot/share/line_follower_robot/launch
copying launch/sim.launch.py -> /home/ronith/ros2_ws/src/line_follower_robot_fixed 4/line_follower_robot_fixed/line_follower_robot/install/line_follower_robot/share/line_follower_robot/launch
creating /home/ronith/ros2_ws/src/line_follower_robot_fixed 4/line_follower_robot_fixed/line_follower_robot/install/line_follower_robot/share/line_follower_robot/worlds
copying worlds/line_world.world -> /home/ronith/ros2_ws/src/line_follower_robot_fixed 4/line_follower_robot_fixed/line_follower_robot/install/line_follower_robot/share/line_follower_robot/worlds
creating /home/ronith/ros2_ws/src/line_follower_robot_fixed 4/line_follower_robot_fixed/line_follower_robot/install/line_follower_robot/share/line_follower_robot/urdf
copying urdf/robot.urdf.xacro -> /home/ronith/ros2_ws/src/line_follower_robot_fixed 4/line_follower_robot_fixed/line_follower_robot/install/line_follower_robot/share/line_follower_robot/urdf
running install_egg_info
Copying build/line_follower_robot/line_follower_robot.egg-info to /home/ronith/ros2_ws/src/line_follower_robot_fixed 4/line_follower_robot_fixed/line_follower_robot/install/line_follower_robot/lib/python3.10/site-packages/line_follower_robot-0.1.0-py3.10.egg-info
running install_scripts
Installing line_follower_node script to /home/ronith/ros2_ws/src/line_follower_robot_fixed 4/line_follower_robot_fixed/line_follower_robot/install/line_follower_robot/lib/line_follower_robot
writing list of installed files to '/home/ronith/ros2_ws/src/line_follower_robot_fixed 4/line_follower_robot_fixed/line_follower_robot/build/line_follower_robot/install.log'
